<?xml version="1.0" encoding="UTF-8"?>
<testsuite name="se.kry.codetest.TestMainVerticle" tests="1" skipped="0" failures="0" errors="0" timestamp="2020-12-22T16:14:41" hostname="Marks-MacBook-Air.local" time="4.783">
  <properties/>
  <testcase name="Start a web server on localhost responding to path /service on port 8080" classname="se.kry.codetest.TestMainVerticle" time="4.783"/>
  <system-out><![CDATA[->DBConnector
<-DBConnector
KRY code test service started
]]></system-out>
  <system-err><![CDATA[Dec 22, 2020 4:14:42 PM com.mchange.v2.log.MLog 
INFO: MLog clients using java 1.4+ standard logging.
Dec 22, 2020 4:14:42 PM com.mchange.v2.c3p0.C3P0Registry 
INFO: Initializing c3p0-0.9.5.2 [built 08-December-2015 22:06:04 -0800; debug? true; trace: 10]
Dec 22, 2020 4:14:44 PM com.mchange.v2.c3p0.impl.AbstractPoolBackedDataSource 
INFO: Initializing c3p0 pool... com.mchange.v2.c3p0.ComboPooledDataSource [ acquireIncrement -> 3, acquireRetryAttempts -> 30, acquireRetryDelay -> 1000, autoCommitOnClose -> false, automaticTestTable -> null, breakAfterAcquireFailure -> false, checkoutTimeout -> 0, connectionCustomizerClassName -> null, connectionTesterClassName -> com.mchange.v2.c3p0.impl.DefaultConnectionTester, contextClassLoaderSource -> caller, dataSourceName -> z8kfltae12mqqkr1euyoxk|3e14d392, debugUnreturnedConnectionStackTraces -> false, description -> null, driverClass -> org.sqlite.JDBC, extensions -> {}, factoryClassLocation -> null, forceIgnoreUnresolvedTransactions -> false, forceSynchronousCheckins -> false, forceUseNamedDriverClass -> false, identityToken -> z8kfltae12mqqkr1euyoxk|3e14d392, idleConnectionTestPeriod -> 0, initialPoolSize -> 3, jdbcUrl -> jdbc:sqlite:/Users/markdowman/Downloads/sqlite-tools-osx-x86-3340000/test.db, maxAdministrativeTaskTime -> 0, maxConnectionAge -> 0, maxIdleTime -> 0, maxIdleTimeExcessConnections -> 0, maxPoolSize -> 30, maxStatements -> 0, maxStatementsPerConnection -> 0, minPoolSize -> 3, numHelperThreads -> 3, preferredTestQuery -> null, privilegeSpawnedThreads -> false, properties -> {}, propertyCycle -> 0, statementCacheNumDeferredCloseThreads -> 0, testConnectionOnCheckin -> false, testConnectionOnCheckout -> false, unreturnedConnectionTimeout -> 0, userOverrides -> {}, usesTraditionalReflectiveProxies -> false ]
Dec 22, 2020 4:14:46 PM se.kry.codetest.TestMainVerticle lambda$start_http_server$1
INFO: {"id":18,"url":"https://www.kry.se","name":"Kry Service","added":1608652845767,"status":"FAIL"}
Dec 22, 2020 4:14:46 PM se.kry.codetest.TestMainVerticle lambda$start_http_server$1
INFO: {"id":19,"url":"https://www.kry.se","name":"Kry Service","added":1608653669942,"status":"UNKNOWN"}
]]></system-err>
</testsuite>
